C:\Program Files (x86)\Microsoft Visual Studio\2019\Community\MSBuild\Microsoft\VC\v160\Microsoft.CppBuild.targets(513,5): warning MSB8028: 중간 디렉터리(Release\)에 다른 프로젝트(용사는 오늘도 돌을 던진다.vcxproj)에서 공유하는 파일이 포함되어 있습니다.  이로 인해 잘못된 정리 및 다시 빌드 동작이 수행될 수 있습니다.
  BEngine.cpp
  BImage.cpp
  BInput.cpp
  Bullet.cpp
D:\Github\WorriorThrowStonesAgain\WorriorThrowStonesAgain\용사는 오늘도 돌을 던진다\Bullet.cpp(43,42): warning C4244: '+=': 'float'에서 'LONG'(으)로 변환하면서 데이터가 손실될 수 있습니다.
D:\Github\WorriorThrowStonesAgain\WorriorThrowStonesAgain\용사는 오늘도 돌을 던진다\Bullet.cpp(44,42): warning C4244: '+=': 'float'에서 'LONG'(으)로 변환하면서 데이터가 손실될 수 있습니다.
  Character.cpp
  ColManager.cpp
  console.cpp
D:\Github\WorriorThrowStonesAgain\WorriorThrowStonesAgain\용사는 오늘도 돌을 던진다\console.cpp(120,28): warning C4018: '<=': signed 또는 unsigned가 일치하지 않습니다.
  Enemy.cpp
D:\Github\WorriorThrowStonesAgain\WorriorThrowStonesAgain\용사는 오늘도 돌을 던진다\Enemy.cpp(62,50): warning C4244: '=': 'double'에서 'LONG'(으)로 변환하면서 데이터가 손실될 수 있습니다.
D:\Github\WorriorThrowStonesAgain\WorriorThrowStonesAgain\용사는 오늘도 돌을 던진다\Enemy.cpp(63,39): warning C4244: '=': 'double'에서 'LONG'(으)로 변환하면서 데이터가 손실될 수 있습니다.
D:\Github\WorriorThrowStonesAgain\WorriorThrowStonesAgain\용사는 오늘도 돌을 던진다\Enemy.cpp(64,50): warning C4244: '=': 'double'에서 'LONG'(으)로 변환하면서 데이터가 손실될 수 있습니다.
D:\Github\WorriorThrowStonesAgain\WorriorThrowStonesAgain\용사는 오늘도 돌을 던진다\Enemy.cpp(65,39): warning C4244: '=': 'double'에서 'LONG'(으)로 변환하면서 데이터가 손실될 수 있습니다.
D:\Github\WorriorThrowStonesAgain\WorriorThrowStonesAgain\용사는 오늘도 돌을 던진다\Enemy.cpp(74,42): warning C4244: '+=': 'float'에서 'LONG'(으)로 변환하면서 데이터가 손실될 수 있습니다.
D:\Github\WorriorThrowStonesAgain\WorriorThrowStonesAgain\용사는 오늘도 돌을 던진다\Enemy.cpp(75,42): warning C4244: '+=': 'float'에서 'LONG'(으)로 변환하면서 데이터가 손실될 수 있습니다.
D:\Github\WorriorThrowStonesAgain\WorriorThrowStonesAgain\용사는 오늘도 돌을 던진다\Enemy.cpp(81,10): warning C4244: '초기화 중': 'LONG'에서 'float'(으)로 변환하면서 데이터가 손실될 수 있습니다.
D:\Github\WorriorThrowStonesAgain\WorriorThrowStonesAgain\용사는 오늘도 돌을 던진다\Enemy.cpp(82,10): warning C4244: '초기화 중': 'LONG'에서 'float'(으)로 변환하면서 데이터가 손실될 수 있습니다.
  EnemySpawnManager.cpp
  Main.cpp
D:\Github\WorriorThrowStonesAgain\WorriorThrowStonesAgain\용사는 오늘도 돌을 던진다\Main.cpp(103,22): warning C4305: '인수': 'double'에서 'float'(으)로 잘립니다.
  BObject.cpp
D:\Github\WorriorThrowStonesAgain\WorriorThrowStonesAgain\용사는 오늘도 돌을 던진다\BObject.cpp(39,53): warning C4244: '=': 'float'에서 'LONG'(으)로 변환하면서 데이터가 손실될 수 있습니다.
D:\Github\WorriorThrowStonesAgain\WorriorThrowStonesAgain\용사는 오늘도 돌을 던진다\BObject.cpp(40,55): warning C4244: '=': 'float'에서 'LONG'(으)로 변환하면서 데이터가 손실될 수 있습니다.
  Player.cpp
D:\Github\WorriorThrowStonesAgain\WorriorThrowStonesAgain\용사는 오늘도 돌을 던진다\Player.cpp(144,11): warning C4244: '초기화 중': 'LONG'에서 'float'(으)로 변환하면서 데이터가 손실될 수 있습니다.
D:\Github\WorriorThrowStonesAgain\WorriorThrowStonesAgain\용사는 오늘도 돌을 던진다\Player.cpp(145,11): warning C4244: '초기화 중': 'LONG'에서 'float'(으)로 변환하면서 데이터가 손실될 수 있습니다.
D:\Github\WorriorThrowStonesAgain\WorriorThrowStonesAgain\용사는 오늘도 돌을 던진다\Player.cpp(150,101): warning C4244: '인수': 'double'에서 'float'(으)로 변환하면서 데이터가 손실될 수 있습니다.
D:\Github\WorriorThrowStonesAgain\WorriorThrowStonesAgain\용사는 오늘도 돌을 던진다\Player.cpp(299,50): warning C4244: '=': 'double'에서 'LONG'(으)로 변환하면서 데이터가 손실될 수 있습니다.
D:\Github\WorriorThrowStonesAgain\WorriorThrowStonesAgain\용사는 오늘도 돌을 던진다\Player.cpp(300,39): warning C4244: '=': 'double'에서 'LONG'(으)로 변환하면서 데이터가 손실될 수 있습니다.
D:\Github\WorriorThrowStonesAgain\WorriorThrowStonesAgain\용사는 오늘도 돌을 던진다\Player.cpp(301,50): warning C4244: '=': 'double'에서 'LONG'(으)로 변환하면서 데이터가 손실될 수 있습니다.
D:\Github\WorriorThrowStonesAgain\WorriorThrowStonesAgain\용사는 오늘도 돌을 던진다\Player.cpp(302,39): warning C4244: '=': 'double'에서 'LONG'(으)로 변환하면서 데이터가 손실될 수 있습니다.
  SceneManager.cpp
D:\Github\WorriorThrowStonesAgain\WorriorThrowStonesAgain\용사는 오늘도 돌을 던진다\SceneManager.cpp(8,1): warning C4305: '초기화 중': 'double'에서 'float'(으)로 잘립니다.
  SoundManager.cpp
  Start.cpp
  Test.cpp
  코드를 생성하고 있습니다.
  Previous IPDB not found, fall back to full compilation.
  All 503 functions were compiled because no usable IPDB/IOBJ from previous compilation was found.
  코드를 생성했습니다.
  용사는 오늘도 돌을 던진다.vcxproj -> D:\Github\WorriorThrowStonesAgain\WorriorThrowStonesAgain\용사는 오늘도 돌을 던진다\Release\WorriorThrowStonesAgain.exe
